<?xml version="1.0" encoding="UTF-8"?>
<testng-results skipped="0" failed="0" total="1" passed="1">
  <reporter-output>
  </reporter-output>
  <suite name="Suite" duration-ms="77162" started-at="2017-10-05T11:22:35Z" finished-at="2017-10-05T11:23:53Z">
    <groups>
      <group name="SMK">
        <method signature="Scripts.AE_script.dataretrieval(java.util.Map)" name="dataretrieval" class="Scripts.AE_script"/>
      </group>
      <group name="REG">
        <method signature="Scripts.AE_script.dataretrieval(java.util.Map)" name="dataretrieval" class="Scripts.AE_script"/>
      </group>
    </groups>
    <test name="Chrome" duration-ms="77162" started-at="2017-10-05T11:22:35Z" finished-at="2017-10-05T11:23:53Z">
      <class name="Scripts.AE_script">
        <test-method status="PASS" signature="creatingreport()" name="creatingreport" is-config="true" duration-ms="298" started-at="2017-10-05T11:22:35Z" finished-at="2017-10-05T11:22:35Z">
        </test-method>
        <test-method status="PASS" signature="browserlaunch(java.lang.String)" name="browserlaunch" is-config="true" duration-ms="15345" started-at="2017-10-05T11:22:36Z" finished-at="2017-10-05T11:22:51Z">
          <params>
            <param index="0">
              <value>
                <![CDATA[ch]]>
              </value>
            </param>
          </params>
        </test-method>
        <test-method status="PASS" signature="dataretrieval(java.util.Map)" name="dataretrieval" duration-ms="60042" started-at="2017-10-05T11:22:51Z" finished-at="2017-10-05T11:23:51Z">
          <params>
            <param index="0">
              <value>
                <![CDATA[{Order=1.0, Execute_Flag=Y, Uname=myananth@gmail.com, Script_Name=ValidLogin, TC_ID=t002, Expected_Result=User should be logged in, Pwd=welcome}]]>
              </value>
            </param>
          </params>
        </test-method>
        <test-method status="PASS" signature="closeapp()" name="closeapp" is-config="true" duration-ms="1113" started-at="2017-10-05T11:23:51Z" finished-at="2017-10-05T11:23:53Z">
        </test-method>
      </class>
    </test>
  </suite>
</testng-results>
